<?xml version="1.0" encoding="UTF-8"?>
<testng-results ignored="0" total="1" passed="1" failed="0" skipped="0">
  <reporter-output>
  </reporter-output>
  <suite started-at="2022-02-06T13:46:57Z" name="Default suite" finished-at="2022-02-06T13:47:30Z" duration-ms="33470">
    <groups>
    </groups>
    <test started-at="2022-02-06T13:46:57Z" name="Default test" finished-at="2022-02-06T13:47:30Z" duration-ms="33470">
      <class name="Test.Test">
        <test-method is-config="true" signature="init()[pri:0, instance:Test.Test@54e1c68b]" started-at="2022-02-06T13:46:57Z" name="init" finished-at="2022-02-06T13:47:11Z" duration-ms="14331" status="PASS">
          <reporter-output>
          </reporter-output>
        </test-method> <!-- init -->
        <test-method signature="Test1()[pri:0, instance:Test.Test@54e1c68b]" started-at="2022-02-06T13:47:11Z" name="Test1" finished-at="2022-02-06T13:47:30Z" duration-ms="19035" status="PASS">
          <reporter-output>
          </reporter-output>
        </test-method> <!-- Test1 -->
        <test-method is-config="true" signature="teardown()[pri:0, instance:Test.Test@54e1c68b]" started-at="2022-02-06T13:47:30Z" name="teardown" finished-at="2022-02-06T13:47:30Z" duration-ms="94" status="PASS">
          <reporter-output>
          </reporter-output>
        </test-method> <!-- teardown -->
      </class> <!-- Test.Test -->
    </test> <!-- Default test -->
  </suite> <!-- Default suite -->
</testng-results>
